<?xml version="1.0" encoding="UTF-8"?>
<testng-results ignored="0" total="2" passed="2" failed="0" skipped="0">
  <reporter-output>
  </reporter-output>
  <suite started-at="2022-12-21T23:14:27 CET" name="Surefire suite" finished-at="2022-12-21T23:14:27 CET" duration-ms="32">
    <groups>
    </groups>
    <test started-at="2022-12-21T23:14:27 CET" name="Surefire test" finished-at="2022-12-21T23:14:27 CET" duration-ms="32">
      <class name="pl.put.poznan.logic.FloorTest">
        <test-method signature="sumArea()[pri:0, instance:pl.put.poznan.logic.FloorTest@5a63f509]" started-at="2022-12-21T23:14:27 CET" name="sumArea" finished-at="2022-12-21T23:14:27 CET" duration-ms="3" status="PASS">
          <reporter-output>
          </reporter-output>
        </test-method> <!-- sumArea -->
        <test-method signature="sumCube()[pri:0, instance:pl.put.poznan.logic.FloorTest@5a63f509]" started-at="2022-12-21T23:14:27 CET" name="sumCube" finished-at="2022-12-21T23:14:27 CET" duration-ms="1" status="PASS">
          <reporter-output>
          </reporter-output>
        </test-method> <!-- sumCube -->
      </class> <!-- pl.put.poznan.logic.FloorTest -->
    </test> <!-- Surefire test -->
  </suite> <!-- Surefire suite -->
</testng-results>
